<?xml version="1.0" encoding="UTF-8"?>
<!-- Generated by org.testng.reporters.JUnitXMLReporter -->
<testsuite hostname="gahlaut-WX-1" name="Default test" tests="2" failures="0" timestamp="7 Jan 2016 07:51:02 GMT" time="14.945" errors="0">
  <testcase name="googleCheeseExample" time="9.962" classname="com.lazerycode.selenium.tests.GoogleExampleIT"/>
  <testcase name="googleMilkExample" time="4.937" classname="com.lazerycode.selenium.tests.GoogleExampleIT"/>
</testsuite> <!-- Default test -->
