<?xml version="1.0" encoding="UTF-8"?>
<!-- Generated by org.testng.reporters.JUnitXMLReporter -->
<testsuite hostname="ING-L-0013" name="SearchTest" tests="3" failures="0" timestamp="8 May 2013 09:48:15 GMT" time="0.059" errors="0">
  <testcase name="doLogin" time="0.019" classname="cpa.qa.testcases.SearchTest">
    <skipped/>
  </testcase> <!-- doLogin -->
  <testcase name="doLogin" time="0.001" classname="cpa.qa.testcases.SearchTest">
    <skipped/>
  </testcase> <!-- doLogin -->
  <testcase name="doLogin" time="0.0" classname="cpa.qa.testcases.SearchTest">
    <skipped/>
  </testcase> <!-- doLogin -->
</testsuite> <!-- SearchTest -->
