<?xml version="1.0" encoding="UTF-8"?>
<!-- Generated by org.testng.reporters.JUnitXMLReporter -->
<testsuite hostname="ING-D-0121" name="Search" tests="1" failures="1" timestamp="8 Jul 2013 12:26:22 GMT" time="590.198" errors="0">
  <testcase name="doPerformSearch" time="590.167" classname="cpa.qa.testcases.PerformSearch">
    <failure type="java.lang.IllegalArgumentException" message="Cannot find elements when the XPath expression is null.">
      <![CDATA[java.lang.IllegalArgumentException: Cannot find elements when the XPath expression is null.
	at org.openqa.selenium.By.xpath(By.java:111)
	at cpa.qa.library.Functions.VerifyDate(Functions.java:793)
	at cpa.qa.util.Keywords.executeTest(Keywords.java:134)
	at cpa.qa.testcases.PerformSearch.doPerformSearch(PerformSearch.java:28)
... Removed 23 stack frames]]>
    </failure>
  </testcase> <!-- doPerformSearch -->
</testsuite> <!-- Search -->
