<?xml version="1.0" encoding="UTF-8"?>
<testng-results skipped="0" failed="0" total="1" passed="1">
  <reporter-output>
  </reporter-output>
  <suite name="Default suite" duration-ms="23" started-at="2015-11-20T12:38:30Z" finished-at="2015-11-20T12:38:30Z">
    <groups>
    </groups>
    <test name="Default test" duration-ms="23" started-at="2015-11-20T12:38:30Z" finished-at="2015-11-20T12:38:30Z">
      <class name="com.NewTest">
        <test-method status="PASS" signature="f()[pri:0, instance:Thread[Thread-0,5,main]]" name="f" duration-ms="10" started-at="2015-11-20T18:08:30Z" finished-at="2015-11-20T18:08:30Z">
          <reporter-output>
          </reporter-output>
        </test-method> <!-- f -->
      </class> <!-- com.NewTest -->
    </test> <!-- Default test -->
  </suite> <!-- Default suite -->
</testng-results>
