<?xml version="1.0" encoding="UTF-8"?>
<testng-results skipped="0" failed="0" total="2" passed="2">
  <reporter-output>
  </reporter-output>
  <suite name="Default suite" duration-ms="14945" started-at="2016-01-07T07:50:47Z" finished-at="2016-01-07T07:51:02Z">
    <groups>
    </groups>
    <test name="Default test" duration-ms="14945" started-at="2016-01-07T07:50:47Z" finished-at="2016-01-07T07:51:02Z">
      <class name="com.lazerycode.selenium.tests.GoogleExampleIT">
        <test-method status="PASS" signature="instantiateDriverObject()[pri:0, instance:com.lazerycode.selenium.tests.GoogleExampleIT@43a25848]" name="instantiateDriverObject" is-config="true" duration-ms="13" started-at="2016-01-07T13:20:47Z" finished-at="2016-01-07T13:20:47Z">
          <reporter-output>
          </reporter-output>
        </test-method> <!-- instantiateDriverObject -->
        <test-method status="PASS" signature="googleCheeseExample()[pri:0, instance:com.lazerycode.selenium.tests.GoogleExampleIT@43a25848]" name="googleCheeseExample" duration-ms="9962" started-at="2016-01-07T13:20:47Z" finished-at="2016-01-07T13:20:57Z">
          <reporter-output>
          </reporter-output>
        </test-method> <!-- googleCheeseExample -->
        <test-method status="PASS" signature="clearCookies()[pri:0, instance:com.lazerycode.selenium.tests.GoogleExampleIT@43a25848]" name="clearCookies" is-config="true" duration-ms="14" started-at="2016-01-07T13:20:57Z" finished-at="2016-01-07T13:20:57Z">
          <reporter-output>
          </reporter-output>
        </test-method> <!-- clearCookies -->
        <test-method status="PASS" signature="googleMilkExample()[pri:0, instance:com.lazerycode.selenium.tests.GoogleExampleIT@43a25848]" name="googleMilkExample" duration-ms="4937" started-at="2016-01-07T13:20:57Z" finished-at="2016-01-07T13:21:02Z">
          <reporter-output>
          </reporter-output>
        </test-method> <!-- googleMilkExample -->
        <test-method status="PASS" signature="clearCookies()[pri:0, instance:com.lazerycode.selenium.tests.GoogleExampleIT@43a25848]" name="clearCookies" is-config="true" duration-ms="13" started-at="2016-01-07T13:21:02Z" finished-at="2016-01-07T13:21:02Z">
          <reporter-output>
          </reporter-output>
        </test-method> <!-- clearCookies -->
        <test-method status="PASS" signature="closeDriverObjects()[pri:0, instance:com.lazerycode.selenium.tests.GoogleExampleIT@43a25848]" name="closeDriverObjects" is-config="true" duration-ms="775" started-at="2016-01-07T13:21:02Z" finished-at="2016-01-07T13:21:03Z">
          <reporter-output>
          </reporter-output>
        </test-method> <!-- closeDriverObjects -->
      </class> <!-- com.lazerycode.selenium.tests.GoogleExampleIT -->
    </test> <!-- Default test -->
  </suite> <!-- Default suite -->
</testng-results>
