<?xml version="1.0" encoding="UTF-8"?>
<testsuite name="Search"
           tests="3"
           failures="0"
           errors="0"
           skipped="3"
           time="0.008">
  <properties />
  
            <testcase name="doSearch" time="0.0" classname="cpa.qa.testcases.SearchTerm">
          <skipped />
    </testcase>
            <testcase name="doSearch" time="0.0" classname="cpa.qa.testcases.SearchTerm">
          <skipped />
    </testcase>
            <testcase name="doSearch" time="0.0" classname="cpa.qa.testcases.SearchTerm">
          <skipped />
    </testcase>
  
  
</testsuite>
