<?xml version="1.0" encoding="UTF-8"?>
<testsuite name="Login"
           tests="3"
           failures="0"
           errors="0"
           skipped="3"
           time="0.011">
  <properties />
  
            <testcase name="doLogin" time="0.0" classname="cpa.qa.testcases.LoginTest">
          <skipped />
    </testcase>
            <testcase name="doLogin" time="0.0" classname="cpa.qa.testcases.LoginTest">
          <skipped />
    </testcase>
            <testcase name="doLogin" time="0.0" classname="cpa.qa.testcases.LoginTest">
          <skipped />
    </testcase>
  
  
</testsuite>
